Info: Starting: Create block symbol file (.bsf)
Info: qsys-generate /home/cgaetan/Documents/cours/MA1/projet_elec2/elec-2103/sv/qsys1.qsys --block-symbol-file --output-directory=/home/cgaetan/Documents/cours/MA1/projet_elec2/elec-2103/sv/qsys1 --family="Cyclone IV E" --part=EP4CE22F17C6
Progress: Loading sv/qsys1.qsys
Progress: Reading input file
Progress: Adding clk_0 [clock_source 15.0]
Progress: Parameterizing module clk_0
Progress: Adding cpu [altera_nios2_gen2 15.0]
Progress: Parameterizing module cpu
Progress: Adding jtag_uart_0 [altera_avalon_jtag_uart 15.0]
Progress: Parameterizing module jtag_uart_0
Progress: Adding mtl_touch_ip_0 [mtl_touch_ip 1.0]
Progress: Parameterizing module mtl_touch_ip_0
Progress: Adding onchip_mem [altera_avalon_onchip_memory2 15.0]
Progress: Parameterizing module onchip_mem
Progress: Building connections
Progress: Parameterizing connections
Progress: Validating
Progress: Done reading input file
Info: ip-generate succeeded.
Info: Finished: Create block symbol file (.bsf)
Info: 
Info: Starting: Create HDL design files for synthesis
Info: qsys-generate /home/cgaetan/Documents/cours/MA1/projet_elec2/elec-2103/sv/qsys1.qsys --synthesis=VERILOG --output-directory=/home/cgaetan/Documents/cours/MA1/projet_elec2/elec-2103/sv/qsys1/synthesis --family="Cyclone IV E" --part=EP4CE22F17C6
Progress: Loading sv/qsys1.qsys
Progress: Reading input file
Progress: Adding clk_0 [clock_source 15.0]
Progress: Parameterizing module clk_0
Progress: Adding cpu [altera_nios2_gen2 15.0]
Progress: Parameterizing module cpu
Progress: Adding jtag_uart_0 [altera_avalon_jtag_uart 15.0]
Progress: Parameterizing module jtag_uart_0
Progress: Adding mtl_touch_ip_0 [mtl_touch_ip 1.0]
Progress: Parameterizing module mtl_touch_ip_0
Progress: Adding onchip_mem [altera_avalon_onchip_memory2 15.0]
Progress: Parameterizing module onchip_mem
Progress: Building connections
Progress: Parameterizing connections
Progress: Validating
Progress: Done reading input file
Info: qsys1: Generating qsys1 "qsys1" for QUARTUS_SYNTH
Info: cpu: "qsys1" instantiated altera_nios2_gen2 "cpu"
Info: jtag_uart_0: Starting RTL generation for module 'qsys1_jtag_uart_0'
Info: jtag_uart_0:   Generation command is [exec /home/cgaetan/.local/altera/15.0/quartus/linux64/perl/bin/perl -I /home/cgaetan/.local/altera/15.0/quartus/linux64/perl/lib -I /home/cgaetan/.local/altera/15.0/quartus/sopc_builder/bin/europa -I /home/cgaetan/.local/altera/15.0/quartus/sopc_builder/bin/perl_lib -I /home/cgaetan/.local/altera/15.0/quartus/sopc_builder/bin -I /home/cgaetan/.local/altera/15.0/quartus/../ip/altera/sopc_builder_ip/common -I /home/cgaetan/.local/altera/15.0/quartus/../ip/altera/sopc_builder_ip/altera_avalon_jtag_uart -- /home/cgaetan/.local/altera/15.0/quartus/../ip/altera/sopc_builder_ip/altera_avalon_jtag_uart/generate_rtl.pl --name=qsys1_jtag_uart_0 --dir=/tmp/alt7212_6368441789158370649.dir/0004_jtag_uart_0_gen/ --quartus_dir=/home/cgaetan/.local/altera/15.0/quartus --verilog --config=/tmp/alt7212_6368441789158370649.dir/0004_jtag_uart_0_gen//qsys1_jtag_uart_0_component_configuration.pl  --do_build_sim=0  ]
Info: jtag_uart_0: Done RTL generation for module 'qsys1_jtag_uart_0'
Info: jtag_uart_0: "qsys1" instantiated altera_avalon_jtag_uart "jtag_uart_0"
Info: mtl_touch_ip_0: "qsys1" instantiated mtl_touch_ip "mtl_touch_ip_0"
Info: onchip_mem: Starting RTL generation for module 'qsys1_onchip_mem'
Info: onchip_mem:   Generation command is [exec /home/cgaetan/.local/altera/15.0/quartus/linux64/perl/bin/perl -I /home/cgaetan/.local/altera/15.0/quartus/linux64/perl/lib -I /home/cgaetan/.local/altera/15.0/quartus/sopc_builder/bin/europa -I /home/cgaetan/.local/altera/15.0/quartus/sopc_builder/bin/perl_lib -I /home/cgaetan/.local/altera/15.0/quartus/sopc_builder/bin -I /home/cgaetan/.local/altera/15.0/quartus/../ip/altera/sopc_builder_ip/common -I /home/cgaetan/.local/altera/15.0/quartus/../ip/altera/sopc_builder_ip/altera_avalon_onchip_memory2 -- /home/cgaetan/.local/altera/15.0/quartus/../ip/altera/sopc_builder_ip/altera_avalon_onchip_memory2/generate_rtl.pl --name=qsys1_onchip_mem --dir=/tmp/alt7212_6368441789158370649.dir/0006_onchip_mem_gen/ --quartus_dir=/home/cgaetan/.local/altera/15.0/quartus --verilog --config=/tmp/alt7212_6368441789158370649.dir/0006_onchip_mem_gen//qsys1_onchip_mem_component_configuration.pl  --do_build_sim=0  ]
Info: onchip_mem: Done RTL generation for module 'qsys1_onchip_mem'
Info: onchip_mem: "qsys1" instantiated altera_avalon_onchip_memory2 "onchip_mem"
Info: avalon_st_adapter: Inserting error_adapter: error_adapter_0
Info: avalon_st_adapter_001: Inserting error_adapter: error_adapter_0
Info: avalon_st_adapter_002: Inserting error_adapter: error_adapter_0
Info: avalon_st_adapter_003: Inserting error_adapter: error_adapter_0
Info: mm_interconnect_0: "qsys1" instantiated altera_mm_interconnect "mm_interconnect_0"
Info: irq_mapper: "qsys1" instantiated altera_irq_mapper "irq_mapper"
Info: rst_controller: "qsys1" instantiated altera_reset_controller "rst_controller"
Info: cpu: Starting RTL generation for module 'qsys1_cpu_cpu'
Info: cpu:   Generation command is [exec /home/cgaetan/.local/altera/15.0/quartus/linux64/eperlcmd -I /home/cgaetan/.local/altera/15.0/quartus/linux64/perl/lib -I /home/cgaetan/.local/altera/15.0/quartus/sopc_builder/bin/europa -I /home/cgaetan/.local/altera/15.0/quartus/sopc_builder/bin/perl_lib -I /home/cgaetan/.local/altera/15.0/quartus/sopc_builder/bin -I /home/cgaetan/.local/altera/15.0/quartus/../ip/altera/nios2_ip/altera_nios2_gen2/cpu_lib -I /home/cgaetan/.local/altera/15.0/quartus/../ip/altera/nios2_ip/altera_nios2_gen2/nios_lib -I /home/cgaetan/.local/altera/15.0/quartus/../ip/altera/nios2_ip/altera_nios2_gen2 -I /home/cgaetan/.local/altera/15.0/quartus/../ip/altera/nios2_ip/altera_nios2_gen2 -- /home/cgaetan/.local/altera/15.0/quartus/../ip/altera/nios2_ip/altera_nios2_gen2/generate_rtl.epl --name=qsys1_cpu_cpu --dir=/tmp/alt7212_6368441789158370649.dir/0009_cpu_gen/ --quartus_bindir=/home/cgaetan/.local/altera/15.0/quartus/linux64 --verilog --config=/tmp/alt7212_6368441789158370649.dir/0009_cpu_gen//qsys1_cpu_cpu_processor_configuration.pl  --do_build_sim=0  ]
Info: cpu: # 2017.02.15 19:50:44 (*) Starting Nios II generation
Info: cpu: # 2017.02.15 19:50:44 (*)   Checking for plaintext license.
Info: cpu: # 2017.02.15 19:50:55 (*)   Plaintext license not found.
Info: cpu: # 2017.02.15 19:50:55 (*)   No license required to generate encrypted Nios II/e.
Info: cpu: # 2017.02.15 19:50:55 (*)   Elaborating CPU configuration settings
Info: cpu: # 2017.02.15 19:50:56 (*)   Creating all objects for CPU
Info: cpu: # 2017.02.15 19:51:04 (*)   Generating RTL from CPU objects
Info: cpu: # 2017.02.15 19:51:04 (*)   Creating plain-text RTL
Info: cpu: # 2017.02.15 19:51:14 (*) Done Nios II generation
Info: cpu: Done RTL generation for module 'qsys1_cpu_cpu'
Info: cpu: "cpu" instantiated altera_nios2_gen2_unit "cpu"
Info: cpu_data_master_translator: "mm_interconnect_0" instantiated altera_merlin_master_translator "cpu_data_master_translator"
Info: jtag_uart_0_avalon_jtag_slave_translator: "mm_interconnect_0" instantiated altera_merlin_slave_translator "jtag_uart_0_avalon_jtag_slave_translator"
Info: cpu_data_master_agent: "mm_interconnect_0" instantiated altera_merlin_master_agent "cpu_data_master_agent"
Info: jtag_uart_0_avalon_jtag_slave_agent: "mm_interconnect_0" instantiated altera_merlin_slave_agent "jtag_uart_0_avalon_jtag_slave_agent"
Info: jtag_uart_0_avalon_jtag_slave_agent_rsp_fifo: "mm_interconnect_0" instantiated altera_avalon_sc_fifo "jtag_uart_0_avalon_jtag_slave_agent_rsp_fifo"
Info: router: "mm_interconnect_0" instantiated altera_merlin_router "router"
Info: router_001: "mm_interconnect_0" instantiated altera_merlin_router "router_001"
Info: router_002: "mm_interconnect_0" instantiated altera_merlin_router "router_002"
Info: router_003: "mm_interconnect_0" instantiated altera_merlin_router "router_003"
Info: cmd_demux: "mm_interconnect_0" instantiated altera_merlin_demultiplexer "cmd_demux"
Info: cmd_demux_001: "mm_interconnect_0" instantiated altera_merlin_demultiplexer "cmd_demux_001"
Info: cmd_mux: "mm_interconnect_0" instantiated altera_merlin_multiplexer "cmd_mux"
Info: cmd_mux_001: "mm_interconnect_0" instantiated altera_merlin_multiplexer "cmd_mux_001"
Info: Reusing file /home/cgaetan/Documents/cours/MA1/projet_elec2/elec-2103/sv/qsys1/synthesis/submodules/altera_merlin_arbitrator.sv
Info: rsp_demux: "mm_interconnect_0" instantiated altera_merlin_demultiplexer "rsp_demux"
Info: rsp_mux: "mm_interconnect_0" instantiated altera_merlin_multiplexer "rsp_mux"
Info: Reusing file /home/cgaetan/Documents/cours/MA1/projet_elec2/elec-2103/sv/qsys1/synthesis/submodules/altera_merlin_arbitrator.sv
Info: rsp_mux_001: "mm_interconnect_0" instantiated altera_merlin_multiplexer "rsp_mux_001"
Info: Reusing file /home/cgaetan/Documents/cours/MA1/projet_elec2/elec-2103/sv/qsys1/synthesis/submodules/altera_merlin_arbitrator.sv
Info: avalon_st_adapter: "mm_interconnect_0" instantiated altera_avalon_st_adapter "avalon_st_adapter"
Info: error_adapter_0: "avalon_st_adapter" instantiated error_adapter "error_adapter_0"
Info: qsys1: Done "qsys1" with 27 modules, 42 files
Info: ip-generate succeeded.
Info: Finished: Create HDL design files for synthesis
